#
# There is insufficient memory for the Java Runtime Environment to continue.
# Native memory allocation (malloc) failed to allocate 1048576 bytes for AllocateHeap
# Possible reasons:
#   The system is out of physical RAM or swap space
#   In 32 bit mode, the process size limit was hit
# Possible solutions:
#   Reduce memory load on the system
#   Increase physical memory or swap space
#   Check if swap backing store is full
#   Use 64 bit Java on a 64 bit OS
#   Decrease Java heap size (-Xmx/-Xms)
#   Decrease number of Java threads
#   Decrease Java thread stack sizes (-Xss)
#   Set larger code cache with -XX:ReservedCodeCacheSize=
# This output file may be truncated or incomplete.
#
#  Out of Memory Error (memory/allocation.inline.hpp:61), pid=21056, tid=26560
#
# JRE version:  (8.0_51-b16) (build )
# Java VM: Java HotSpot(TM) 64-Bit Server VM (25.51-b03 mixed mode windows-amd64 compressed oops)
# Failed to write core dump. Minidumps are not enabled by default on client versions of Windows
#

---------------  T H R E A D  ---------------

Current thread (0x0000000000b4d800):  JavaThread "Unknown thread" [_thread_in_vm, id=26560, stack(0x00000000023b0000,0x00000000024b0000)]

Stack: [0x00000000023b0000,0x00000000024b0000]
Native frames: (J=compiled Java code, j=interpreted, Vv=VM code, C=native code)
V  [jvm.dll+0x32b4ca]


---------------  P R O C E S S  ---------------

Java Threads: ( => current thread )

Other Threads:

=>0x0000000000b4d800 (exited) JavaThread "Unknown thread" [_thread_in_vm, id=26560, stack(0x00000000023b0000,0x00000000024b0000)]

VM state:not at safepoint (normal execution)

VM Mutex/Monitor currently owned by a thread: None

Heap:
 PSYoungGen      total 18944K, used 327K [0x00000000eab00000, 0x00000000ec000000, 0x0000000100000000)
  eden space 16384K, 2% used [0x00000000eab00000,0x00000000eab51ec8,0x00000000ebb00000)
  from space 2560K, 0% used [0x00000000ebd80000,0x00000000ebd80000,0x00000000ec000000)
  to   space 2560K, 0% used [0x00000000ebb00000,0x00000000ebb00000,0x00000000ebd80000)
 ParOldGen       total 44032K, used 0K [0x00000000c0000000, 0x00000000c2b00000, 0x00000000eab00000)
  object space 44032K, 0% used [0x00000000c0000000,0x00000000c0000000,0x00000000c2b00000)
 Metaspace       used 766K, capacity 4480K, committed 4480K, reserved 1056768K
  class space    used 75K, capacity 384K, committed 384K, reserved 1048576K

Card table byte_map: [0x00000000119c0000,0x0000000011bd0000] byte_map_base: 0x00000000113c0000

Marking Bits: (ParMarkBitMap*) 0x00000000772e4040
 Begin Bits: [0x0000000012130000, 0x0000000013130000)
 End Bits:   [0x0000000013130000, 0x0000000014130000)

Polling page: 0x0000000000b50000

CodeCache: size=245760Kb used=328Kb max_used=328Kb free=245431Kb
 bounds [0x0000000002600000, 0x0000000002870000, 0x0000000011600000]
 total_blobs=57 nmethods=0 adapters=37
 compilation: enabled

Compilation events (0 events):
No events

GC Heap History (0 events):
No events

Deoptimization events (0 events):
No events

Internal exceptions (0 events):
No events

Events (10 events):
Event: 0.262 loading class java/lang/Short
Event: 0.262 loading class java/lang/Short done
Event: 0.262 loading class java/lang/Integer
Event: 0.262 loading class java/lang/Integer done
Event: 0.262 loading class java/lang/Long
Event: 0.262 loading class java/lang/Long done
Event: 0.263 loading class java/lang/NullPointerException
Event: 0.263 loading class java/lang/NullPointerException done
Event: 0.263 loading class java/lang/ArithmeticException
Event: 0.263 loading class java/lang/ArithmeticException done


Dynamic libraries:
0x00007ff6f8170000 - 0x00007ff6f81a7000 	C:\Program Files\Java\jdk1.8.0_51\bin\java.exe
0x00007ff8e2310000 - 0x00007ff8e24bd000 	C:\windows\SYSTEM32\ntdll.dll
0x00007ff8dff10000 - 0x00007ff8e004e000 	C:\windows\system32\KERNEL32.DLL
0x00007ff8df7a0000 - 0x00007ff8df8b5000 	C:\windows\system32\KERNELBASE.dll
0x00007ff8de010000 - 0x00007ff8de09e000 	C:\windows\system32\apphelp.dll
0x00007ff8cd330000 - 0x00007ff8cd383000 	C:\windows\AppPatch\AppPatch64\AcGenral.DLL
0x00007ff8e19d0000 - 0x00007ff8e1a7a000 	C:\windows\system32\msvcrt.dll
0x00007ff8df970000 - 0x00007ff8df99e000 	C:\windows\system32\SspiCli.dll
0x00007ff8e1c00000 - 0x00007ff8e1c54000 	C:\windows\system32\SHLWAPI.dll
0x00007ff8e1a80000 - 0x00007ff8e1bf7000 	C:\windows\system32\USER32.dll
0x00007ff8e2020000 - 0x00007ff8e21b4000 	C:\windows\system32\ole32.dll
0x00007ff8e04a0000 - 0x00007ff8e19c9000 	C:\windows\system32\SHELL32.dll
0x00007ff8dea10000 - 0x00007ff8dea31000 	C:\windows\SYSTEM32\USERENV.dll
0x00007ff8df9a0000 - 0x00007ff8dfa4a000 	C:\windows\system32\ADVAPI32.dll
0x00007ff8cf660000 - 0x00007ff8cf67e000 	C:\windows\SYSTEM32\MPR.dll
0x00007ff8e1ea0000 - 0x00007ff8e1fe0000 	C:\windows\system32\RPCRT4.dll
0x00007ff8dfeb0000 - 0x00007ff8dff09000 	C:\windows\SYSTEM32\sechost.dll
0x00007ff8e0250000 - 0x00007ff8e0461000 	C:\windows\SYSTEM32\combase.dll
0x00007ff8e21c0000 - 0x00007ff8e230f000 	C:\windows\system32\GDI32.dll
0x00007ff8df440000 - 0x00007ff8df455000 	C:\windows\SYSTEM32\profapi.dll
0x00007ff8dd820000 - 0x00007ff8dd8d2000 	C:\windows\SYSTEM32\SHCORE.dll
0x00007ff8e1fe0000 - 0x00007ff8e2016000 	C:\windows\system32\IMM32.DLL
0x00007ff8e1c60000 - 0x00007ff8e1db2000 	C:\windows\system32\MSCTF.dll
0x00007ff8dcfa0000 - 0x00007ff8dd21b000 	C:\windows\WinSxS\amd64_microsoft.windows.common-controls_6595b64144ccf1df_6.0.9600.18006_none_623f33d3ecbe86e8\COMCTL32.dll
0x0000000076540000 - 0x0000000076612000 	C:\Program Files\Java\jdk1.8.0_51\jre\bin\msvcr100.dll
0x0000000076ae0000 - 0x0000000077363000 	C:\Program Files\Java\jdk1.8.0_51\jre\bin\server\jvm.dll
0x00007ff8d4900000 - 0x00007ff8d4909000 	C:\windows\SYSTEM32\WSOCK32.dll
0x00007ff8d5a30000 - 0x00007ff8d5a52000 	C:\windows\SYSTEM32\WINMM.dll
0x00007ff8d4840000 - 0x00007ff8d484a000 	C:\windows\SYSTEM32\VERSION.dll
0x00007ff8e0490000 - 0x00007ff8e0497000 	C:\windows\system32\PSAPI.DLL
0x00007ff8e0130000 - 0x00007ff8e018a000 	C:\windows\system32\WS2_32.dll
0x00007ff8d5a00000 - 0x00007ff8d5a2a000 	C:\windows\SYSTEM32\WINMMBASE.dll
0x00007ff8e1dc0000 - 0x00007ff8e1dc9000 	C:\windows\system32\NSI.dll
0x00007ff8df920000 - 0x00007ff8df96f000 	C:\windows\SYSTEM32\cfgmgr32.dll
0x00007ff8de260000 - 0x00007ff8de288000 	C:\windows\SYSTEM32\DEVOBJ.dll
0x00000000769f0000 - 0x00000000769ff000 	C:\Program Files\Java\jdk1.8.0_51\jre\bin\verify.dll
0x00000000769c0000 - 0x00000000769e9000 	C:\Program Files\Java\jdk1.8.0_51\jre\bin\java.dll
0x00000000769a0000 - 0x00000000769b6000 	C:\Program Files\Java\jdk1.8.0_51\jre\bin\zip.dll
0x00007ff8d4040000 - 0x00007ff8d41c9000 	C:\windows\SYSTEM32\dbghelp.dll

VM Arguments:
jvm_args: -Djava.awt.headless=true -Xmx1024M -Dfile.encoding=windows-1252 -Duser.country=IN -Duser.language=en -Duser.variant 
java_command: com.android.dx.command.Main --dex --force-jumbo --num-threads=4 --multi-dex --output C:\Users\Yashdeep Singh\Desktop\Prime\app\build\intermediates\transforms\dex\debug\folders\1000\5\slice_2 C:\Users\Yashdeep Singh\Desktop\Prime\app\build\intermediates\transforms\instantRunSlicer\debug\folders\1\5\slice_2
java_class_path (initial): C:\Users\Yashdeep Singh\AppData\Local\Android\Sdk\build-tools\24.0.1\lib\dx.jar
Launcher Type: SUN_STANDARD

Environment Variables:
JAVA_HOME=C:\Program Files\Java\jdk1.8.0_51
JRE_HOME=C:\Program Files\Java\jre1.8.0_51
PATH=C:\ProgramData\Oracle\Java\javapath;C:\Program Files (x86)\Lenovo\FusionEngine;C:\Program Files (x86)\Intel\iCLS Client\;C:\Program Files\Intel\iCLS Client\;C:\windows\system32;C:\windows;C:\windows\System32\Wbem;C:\windows\System32\WindowsPowerShell\v1.0\;C:\Program Files\Intel\Intel(R) Management Engine Components\DAL;C:\Program Files\Intel\Intel(R) Management Engine Components\IPT;C:\Program Files (x86)\Intel\Intel(R) Management Engine Components\DAL;C:\Program Files (x86)\Intel\Intel(R) Management Engine Components\IPT;C:\Program Files\Intel\WiFi\bin\;C:\Program Files\Common Files\Intel\WirelessCommon\;C:\Program Files (x86)\Lenovo\Motion Control\;C:\Program Files\MATLAB\R2014b\bin;C:\Program Files (x86)\Common Files\lenovo\easyplussdk\bin;C:\Program Files (x86)\MySQL\MySQL Fabric 1.5 & MySQL Utilities 1.5\;C:\Program Files (x86)\MySQL\MySQL Fabric 1.5 & MySQL Utilities 1.5\Doctrine extensions for PHP\;C:\Program Files (x86)\Skype\Phone\;C:\Program Files\nodejs\;C:\Users\Yashdeep Singh\Documents\conFusion\Git\cmd;C:\Program Files (x86)\Brackets\command;C:\Users\Yashdeep Singh\AppData\Roaming\npm
USERNAME=Yashdeep Singh
OS=Windows_NT
PROCESSOR_IDENTIFIER=Intel64 Family 6 Model 69 Stepping 1, GenuineIntel



---------------  S Y S T E M  ---------------

OS: Windows 8.1 , 64 bit Build 9600 (6.3.9600.17415)

CPU:total 4 (2 cores per cpu, 2 threads per core) family 6 model 69 stepping 1, cmov, cx8, fxsr, mmx, sse, sse2, sse3, ssse3, sse4.1, sse4.2, popcnt, avx, avx2, aes, clmul, erms, lzcnt, ht, tsc, tscinvbit, bmi1, bmi2

Memory: 4k page, physical 4113368k(345196k free), swap 7259096k(4976k free)

vm_info: Java HotSpot(TM) 64-Bit Server VM (25.51-b03) for windows-amd64 JRE (1.8.0_51-b16), built on Jun  8 2015 18:03:07 by "java_re" with MS VC++ 10.0 (VS2010)

time: Thu Aug 25 23:13:27 2016
elapsed time: 0 seconds (0d 0h 0m 0s)

