#
# There is insufficient memory for the Java Runtime Environment to continue.
# Native memory allocation (malloc) failed to allocate 1336016 bytes for Chunk::new
# Possible reasons:
#   The system is out of physical RAM or swap space
#   In 32 bit mode, the process size limit was hit
# Possible solutions:
#   Reduce memory load on the system
#   Increase physical memory or swap space
#   Check if swap backing store is full
#   Use 64 bit Java on a 64 bit OS
#   Decrease Java heap size (-Xmx/-Xms)
#   Decrease number of Java threads
#   Decrease Java thread stack sizes (-Xss)
#   Set larger code cache with -XX:ReservedCodeCacheSize=
# This output file may be truncated or incomplete.
#
#  Out of Memory Error (allocation.cpp:390), pid=22584, tid=27676
#
# JRE version: Java(TM) SE Runtime Environment (8.0_51-b16) (build 1.8.0_51-b16)
# Java VM: Java HotSpot(TM) 64-Bit Server VM (25.51-b03 mixed mode windows-amd64 compressed oops)
# Failed to write core dump. Minidumps are not enabled by default on client versions of Windows
#

---------------  T H R E A D  ---------------

Current thread (0x0000000014b96800):  JavaThread "C2 CompilerThread1" daemon [_thread_in_native, id=27676, stack(0x0000000016190000,0x0000000016290000)]

Stack: [0x0000000016190000,0x0000000016290000]
Native frames: (J=compiled Java code, j=interpreted, Vv=VM code, C=native code)
V  [jvm.dll+0x32b4ca]
V  [jvm.dll+0x2797e3]
V  [jvm.dll+0x27a479]
V  [jvm.dll+0x271765]
V  [jvm.dll+0xcba02]
V  [jvm.dll+0xcbecc]
V  [jvm.dll+0x476f72]
V  [jvm.dll+0x4b95ff]
V  [jvm.dll+0x46b9bf]
V  [jvm.dll+0x46cd4e]
V  [jvm.dll+0x4501a2]
V  [jvm.dll+0xa43a2]
V  [jvm.dll+0xa4cdf]
V  [jvm.dll+0x2418a4]
V  [jvm.dll+0x29846a]
C  [msvcr100.dll+0x21d9f]
C  [msvcr100.dll+0x21e3b]
C  [KERNEL32.DLL+0x13d2]
C  [ntdll.dll+0x154e4]


Current CompileTask:
C2:   4184 1087   !   4       com.android.dx.cf.code.BytecodeArray::parseInstruction (2764 bytes)


---------------  P R O C E S S  ---------------

Java Threads: ( => current thread )
  0x0000000016549800 JavaThread "pool-2-thread-4" [_thread_in_Java, id=26164, stack(0x0000000016d90000,0x0000000016e90000)]
  0x0000000016535800 JavaThread "pool-2-thread-3" [_thread_blocked, id=15120, stack(0x0000000016c90000,0x0000000016d90000)]
  0x000000001650b000 JavaThread "pool-2-thread-2" [_thread_in_Java, id=27664, stack(0x0000000016b90000,0x0000000016c90000)]
  0x00000000164ff000 JavaThread "pool-3-thread-1" [_thread_blocked, id=13232, stack(0x0000000016a90000,0x0000000016b90000)]
  0x0000000016395800 JavaThread "Service Thread" daemon [_thread_blocked, id=21960, stack(0x0000000016790000,0x0000000016890000)]
  0x0000000014b99000 JavaThread "C1 CompilerThread2" daemon [_thread_blocked, id=26460, stack(0x0000000016290000,0x0000000016390000)]
=>0x0000000014b96800 JavaThread "C2 CompilerThread1" daemon [_thread_in_native, id=27676, stack(0x0000000016190000,0x0000000016290000)]
  0x0000000014b3a800 JavaThread "C2 CompilerThread0" daemon [_thread_in_native, id=6900, stack(0x0000000016090000,0x0000000016190000)]
  0x0000000014b38800 JavaThread "Attach Listener" daemon [_thread_blocked, id=23992, stack(0x0000000015f90000,0x0000000016090000)]
  0x0000000014b37000 JavaThread "Signal Dispatcher" daemon [_thread_blocked, id=26964, stack(0x0000000015e90000,0x0000000015f90000)]
  0x0000000002466800 JavaThread "Finalizer" daemon [_thread_blocked, id=28432, stack(0x0000000015d90000,0x0000000015e90000)]
  0x000000000245d800 JavaThread "Reference Handler" daemon [_thread_blocked, id=10260, stack(0x0000000015c90000,0x0000000015d90000)]
  0x0000000000abd800 JavaThread "main" [_thread_blocked, id=23364, stack(0x0000000002270000,0x0000000002370000)]

Other Threads:
  0x0000000014b08000 VMThread [stack: 0x0000000015b90000,0x0000000015c90000] [id=25012]
  0x0000000016397000 WatcherThread [stack: 0x0000000016890000,0x0000000016990000] [id=20012]

VM state:not at safepoint (normal execution)

VM Mutex/Monitor currently owned by a thread: None

Heap:
 PSYoungGen      total 18944K, used 5044K [0x00000000eab00000, 0x00000000ec000000, 0x0000000100000000)
  eden space 16384K, 15% used [0x00000000eab00000,0x00000000ead751e8,0x00000000ebb00000)
  from space 2560K, 98% used [0x00000000ebd80000,0x00000000ebff8018,0x00000000ec000000)
  to   space 2560K, 0% used [0x00000000ebb00000,0x00000000ebb00000,0x00000000ebd80000)
 ParOldGen       total 44032K, used 4378K [0x00000000c0000000, 0x00000000c2b00000, 0x00000000eab00000)
  object space 44032K, 9% used [0x00000000c0000000,0x00000000c0446970,0x00000000c2b00000)
 Metaspace       used 5980K, capacity 6960K, committed 7040K, reserved 1056768K
  class space    used 594K, capacity 616K, committed 640K, reserved 1048576K

Card table byte_map: [0x0000000011830000,0x0000000011a40000] byte_map_base: 0x0000000011230000

Marking Bits: (ParMarkBitMap*) 0x00000000772e4040
 Begin Bits: [0x0000000011fa0000, 0x0000000012fa0000)
 End Bits:   [0x0000000012fa0000, 0x0000000013fa0000)

Polling page: 0x0000000000890000

CodeCache: size=245760Kb used=5170Kb max_used=5170Kb free=240589Kb
 bounds [0x0000000002470000, 0x0000000002990000, 0x0000000011470000]
 total_blobs=1547 nmethods=1278 adapters=182
 compilation: enabled

Compilation events (10 events):
Event: 3.749 Thread 0x0000000014b99000 nmethod 1113 0x00000000028a93d0 code [0x00000000028a9520, 0x00000000028a96f0]
Event: 3.750 Thread 0x0000000014b3a800 nmethod 1106 0x00000000028a8ad0 code [0x00000000028a8c40, 0x00000000028a8ef8]
Event: 3.750 Thread 0x0000000014b3a800 1110       4       com.android.dx.util.LabeledList::addLabelIndex (43 bytes)
Event: 3.761 Thread 0x0000000014b3a800 nmethod 1110 0x00000000028b2150 code [0x00000000028b22a0, 0x00000000028b2818]
Event: 3.761 Thread 0x0000000014b3a800 1117       4       com.android.dx.rop.code.BasicBlockList::labelToBlock (46 bytes)
Event: 3.763 Thread 0x0000000014b3a800 nmethod 1117 0x00000000028b1c10 code [0x00000000028b1d60, 0x00000000028b1eb8]
Event: 3.763 Thread 0x0000000014b3a800 1111       4       com.android.dx.rop.code.PlainInsn::<init> (73 bytes)
Event: 3.764 Thread 0x0000000014b3a800 nmethod 1111 0x00000000028c7110 code [0x00000000028c7260, 0x00000000028c73b8]
Event: 3.764 Thread 0x0000000014b3a800 1123       4       com.android.dx.dex.code.DalvInsn::<init> (67 bytes)
Event: 3.765 Thread 0x0000000014b3a800 nmethod 1123 0x00000000028b1910 code [0x00000000028b1a40, 0x00000000028b1b38]

GC Heap History (2 events):
Event: 3.281 GC heap before
{Heap before GC invocations=1 (full 0):
 PSYoungGen      total 18944K, used 16384K [0x00000000eab00000, 0x00000000ec000000, 0x0000000100000000)
  eden space 16384K, 100% used [0x00000000eab00000,0x00000000ebb00000,0x00000000ebb00000)
  from space 2560K, 0% used [0x00000000ebd80000,0x00000000ebd80000,0x00000000ec000000)
  to   space 2560K, 0% used [0x00000000ebb00000,0x00000000ebb00000,0x00000000ebd80000)
 ParOldGen       total 44032K, used 0K [0x00000000c0000000, 0x00000000c2b00000, 0x00000000eab00000)
  object space 44032K, 0% used [0x00000000c0000000,0x00000000c0000000,0x00000000c2b00000)
 Metaspace       used 5785K, capacity 6832K, committed 7040K, reserved 1056768K
  class space    used 591K, capacity 616K, committed 640K, reserved 1048576K
Event: 3.398 GC heap after
Heap after GC invocations=1 (full 0):
 PSYoungGen      total 18944K, used 2528K [0x00000000eab00000, 0x00000000ec000000, 0x0000000100000000)
  eden space 16384K, 0% used [0x00000000eab00000,0x00000000eab00000,0x00000000ebb00000)
  from space 2560K, 98% used [0x00000000ebb00000,0x00000000ebd78038,0x00000000ebd80000)
  to   space 2560K, 0% used [0x00000000ebd80000,0x00000000ebd80000,0x00000000ec000000)
 ParOldGen       total 44032K, used 2126K [0x00000000c0000000, 0x00000000c2b00000, 0x00000000eab00000)
  object space 44032K, 4% used [0x00000000c0000000,0x00000000c0213940,0x00000000c2b00000)
 Metaspace       used 5785K, capacity 6832K, committed 7040K, reserved 1056768K
  class space    used 591K, capacity 616K, committed 640K, reserved 1048576K
}

Deoptimization events (8 events):
Event: 2.224 Thread 0x0000000016535800 Uncommon trap: reason=unstable_if action=reinterpret pc=0x00000000026808fc method=java.util.HashMap.getNode(ILjava/lang/Object;)Ljava/util/HashMap$Node; @ 129
Event: 2.789 Thread 0x0000000016535800 Uncommon trap: reason=class_check action=maybe_recompile pc=0x000000000271de70 method=com.android.dx.ssa.NormalSsaInsn.accept(Lcom/android/dx/ssa/SsaInsn$Visitor;)V @ 9
Event: 2.790 Thread 0x0000000016535800 Uncommon trap: reason=class_check action=maybe_recompile pc=0x000000000271de70 method=com.android.dx.ssa.NormalSsaInsn.accept(Lcom/android/dx/ssa/SsaInsn$Visitor;)V @ 9
Event: 2.792 Thread 0x0000000016535800 Uncommon trap: reason=class_check action=maybe_recompile pc=0x000000000271de70 method=com.android.dx.ssa.NormalSsaInsn.accept(Lcom/android/dx/ssa/SsaInsn$Visitor;)V @ 9
Event: 2.796 Thread 0x0000000016535800 Uncommon trap: reason=class_check action=maybe_recompile pc=0x000000000271de70 method=com.android.dx.ssa.NormalSsaInsn.accept(Lcom/android/dx/ssa/SsaInsn$Visitor;)V @ 9
Event: 2.951 Thread 0x0000000016549800 Uncommon trap: reason=unstable_if action=reinterpret pc=0x00000000026c9470 method=java.util.BitSet.nextSetBit(I)I @ 87
Event: 3.423 Thread 0x0000000016549800 Uncommon trap: reason=unstable_if action=reinterpret pc=0x000000000284059c method=com.android.dx.rop.cst.Constant.compareTo(Lcom/android/dx/rop/cst/Constant;)I @ 12
Event: 3.775 Thread 0x000000001650b000 Uncommon trap: reason=unstable_if action=reinterpret pc=0x00000000028b09bc method=com.android.dx.util.IntList.binarysearch(I)I @ 105

Internal exceptions (2 events):
Event: 0.084 Thread 0x0000000000abd800 Exception <a 'java/lang/NoSuchMethodError': Method sun.misc.Unsafe.defineClass(Ljava/lang/String;[BII)Ljava/lang/Class; name or signature does not match> (0x00000000eab0d5b8) thrown at [C:\re\workspace\8-2-build-windows-amd64-cygwin\jdk8u51\3951\hotspot\srPÅD4éµ?
Event: 0.084 Thread 0x0000000000abd800 Exception <a 'java/lang/NoSuchMethodError': Method sun.misc.Unsafe.prefetchRead(Ljava/lang/Object;J)V name or signature does not match> (0x00000000eab0d848) thrown at [C:\re\workspace\8-2-build-windows-amd64-cygwin\jdk8u51\3951\hotspot\src\share\vm\prims\j

Events (10 events):
Event: 3.512 Thread 0x0000000016535800 DEOPT PACKING pc=0x000000000271d402 sp=0x0000000016d8e800
Event: 3.512 Thread 0x0000000016535800 DEOPT UNPACKING pc=0x00000000024b787f sp=0x0000000016d8e568 mode 0
Event: 3.536 loading class java/util/TreeMap$EntrySet done
Event: 3.536 loading class java/util/TreeMap$EntryIterator
Event: 3.536 loading class java/util/TreeMap$EntryIterator done
Event: 3.536 Executing VM operation: Deoptimize
Event: 3.748 Executing VM operation: Deoptimize done
Event: 3.775 Thread 0x000000001650b000 Uncommon trap: trap_request=0xffffff65 fr.pc=0x00000000028b09bc
Event: 3.775 Thread 0x000000001650b000 DEOPT PACKING pc=0x00000000028b09bc sp=0x0000000016c8e980
Event: 3.775 Thread 0x000000001650b000 DEOPT UNPACKING pc=0x00000000024b582a sp=0x0000000016c8e8f8 mode 2


Dynamic libraries:
0x00007ff6f8170000 - 0x00007ff6f81a7000 	C:\Program Files\Java\jdk1.8.0_51\bin\java.exe
0x00007ff8e2310000 - 0x00007ff8e24bd000 	C:\windows\SYSTEM32\ntdll.dll
0x00007ff8dff10000 - 0x00007ff8e004e000 	C:\windows\system32\KERNEL32.DLL
0x00007ff8df7a0000 - 0x00007ff8df8b5000 	C:\windows\system32\KERNELBASE.dll
0x00007ff8de010000 - 0x00007ff8de09e000 	C:\windows\system32\apphelp.dll
0x00007ff8cd330000 - 0x00007ff8cd383000 	C:\windows\AppPatch\AppPatch64\AcGenral.DLL
0x00007ff8e19d0000 - 0x00007ff8e1a7a000 	C:\windows\system32\msvcrt.dll
0x00007ff8df970000 - 0x00007ff8df99e000 	C:\windows\system32\SspiCli.dll
0x00007ff8e1c00000 - 0x00007ff8e1c54000 	C:\windows\system32\SHLWAPI.dll
0x00007ff8e1a80000 - 0x00007ff8e1bf7000 	C:\windows\system32\USER32.dll
0x00007ff8e2020000 - 0x00007ff8e21b4000 	C:\windows\system32\ole32.dll
0x00007ff8e04a0000 - 0x00007ff8e19c9000 	C:\windows\system32\SHELL32.dll
0x00007ff8dea10000 - 0x00007ff8dea31000 	C:\windows\SYSTEM32\USERENV.dll
0x00007ff8df9a0000 - 0x00007ff8dfa4a000 	C:\windows\system32\ADVAPI32.dll
0x00007ff8cf660000 - 0x00007ff8cf67e000 	C:\windows\SYSTEM32\MPR.dll
0x00007ff8e1ea0000 - 0x00007ff8e1fe0000 	C:\windows\system32\RPCRT4.dll
0x00007ff8dfeb0000 - 0x00007ff8dff09000 	C:\windows\SYSTEM32\sechost.dll
0x00007ff8e0250000 - 0x00007ff8e0461000 	C:\windows\SYSTEM32\combase.dll
0x00007ff8e21c0000 - 0x00007ff8e230f000 	C:\windows\system32\GDI32.dll
0x00007ff8df440000 - 0x00007ff8df455000 	C:\windows\SYSTEM32\profapi.dll
0x00007ff8dd820000 - 0x00007ff8dd8d2000 	C:\windows\SYSTEM32\SHCORE.dll
0x00007ff8e1fe0000 - 0x00007ff8e2016000 	C:\windows\system32\IMM32.DLL
0x00007ff8e1c60000 - 0x00007ff8e1db2000 	C:\windows\system32\MSCTF.dll
0x00007ff8dcfa0000 - 0x00007ff8dd21b000 	C:\windows\WinSxS\amd64_microsoft.windows.common-controls_6595b64144ccf1df_6.0.9600.18006_none_623f33d3ecbe86e8\COMCTL32.dll
0x0000000076540000 - 0x0000000076612000 	C:\Program Files\Java\jdk1.8.0_51\jre\bin\msvcr100.dll
0x0000000076ae0000 - 0x0000000077363000 	C:\Program Files\Java\jdk1.8.0_51\jre\bin\server\jvm.dll
0x00007ff8d4900000 - 0x00007ff8d4909000 	C:\windows\SYSTEM32\WSOCK32.dll
0x00007ff8d5a30000 - 0x00007ff8d5a52000 	C:\windows\SYSTEM32\WINMM.dll
0x00007ff8d4840000 - 0x00007ff8d484a000 	C:\windows\SYSTEM32\VERSION.dll
0x00007ff8e0490000 - 0x00007ff8e0497000 	C:\windows\system32\PSAPI.DLL
0x00007ff8e0130000 - 0x00007ff8e018a000 	C:\windows\system32\WS2_32.dll
0x00007ff8d5a00000 - 0x00007ff8d5a2a000 	C:\windows\SYSTEM32\WINMMBASE.dll
0x00007ff8e1dc0000 - 0x00007ff8e1dc9000 	C:\windows\system32\NSI.dll
0x00007ff8df920000 - 0x00007ff8df96f000 	C:\windows\SYSTEM32\cfgmgr32.dll
0x00007ff8de260000 - 0x00007ff8de288000 	C:\windows\SYSTEM32\DEVOBJ.dll
0x00000000769f0000 - 0x00000000769ff000 	C:\Program Files\Java\jdk1.8.0_51\jre\bin\verify.dll
0x00000000769c0000 - 0x00000000769e9000 	C:\Program Files\Java\jdk1.8.0_51\jre\bin\java.dll
0x00000000769a0000 - 0x00000000769b6000 	C:\Program Files\Java\jdk1.8.0_51\jre\bin\zip.dll
0x00007ff8d4040000 - 0x00007ff8d41c9000 	C:\windows\SYSTEM32\dbghelp.dll

VM Arguments:
jvm_args: -Djava.awt.headless=true -Xmx1024M -Dfile.encoding=windows-1252 -Duser.country=IN -Duser.language=en -Duser.variant 
java_command: com.android.dx.command.Main --dex --force-jumbo --num-threads=4 --multi-dex --output C:\Users\Yashdeep Singh\Desktop\Prime\app\build\intermediates\transforms\dex\debug\folders\1000\10\com.android.support-support-vector-drawable-24.1.1_a422db0b8549e93177dbec76cc944241c9e41062 C:\Users\Yashdeep Singh\Desktop\Prime\app\build\intermediates\exploded-aar\com.android.support\support-vector-drawable\24.1.1\jars\classes.jar
java_class_path (initial): C:\Users\Yashdeep Singh\AppData\Local\Android\Sdk\build-tools\24.0.1\lib\dx.jar
Launcher Type: SUN_STANDARD

Environment Variables:
JAVA_HOME=C:\Program Files\Java\jdk1.8.0_51
JRE_HOME=C:\Program Files\Java\jre1.8.0_51
PATH=C:\ProgramData\Oracle\Java\javapath;C:\Program Files (x86)\Lenovo\FusionEngine;C:\Program Files (x86)\Intel\iCLS Client\;C:\Program Files\Intel\iCLS Client\;C:\windows\system32;C:\windows;C:\windows\System32\Wbem;C:\windows\System32\WindowsPowerShell\v1.0\;C:\Program Files\Intel\Intel(R) Management Engine Components\DAL;C:\Program Files\Intel\Intel(R) Management Engine Components\IPT;C:\Program Files (x86)\Intel\Intel(R) Management Engine Components\DAL;C:\Program Files (x86)\Intel\Intel(R) Management Engine Components\IPT;C:\Program Files\Intel\WiFi\bin\;C:\Program Files\Common Files\Intel\WirelessCommon\;C:\Program Files (x86)\Lenovo\Motion Control\;C:\Program Files\MATLAB\R2014b\bin;C:\Program Files (x86)\Common Files\lenovo\easyplussdk\bin;C:\Program Files (x86)\MySQL\MySQL Fabric 1.5 & MySQL Utilities 1.5\;C:\Program Files (x86)\MySQL\MySQL Fabric 1.5 & MySQL Utilities 1.5\Doctrine extensions for PHP\;C:\Program Files (x86)\Skype\Phone\;C:\Program Files\nodejs\;C:\Users\Yashdeep Singh\Documents\conFusion\Git\cmd;C:\Program Files (x86)\Brackets\command;C:\Users\Yashdeep Singh\AppData\Roaming\npm
USERNAME=Yashdeep Singh
OS=Windows_NT
PROCESSOR_IDENTIFIER=Intel64 Family 6 Model 69 Stepping 1, GenuineIntel



---------------  S Y S T E M  ---------------

OS: Windows 8.1 , 64 bit Build 9600 (6.3.9600.17415)

CPU:total 4 (2 cores per cpu, 2 threads per core) family 6 model 69 stepping 1, cmov, cx8, fxsr, mmx, sse, sse2, sse3, ssse3, sse4.1, sse4.2, popcnt, avx, avx2, aes, clmul, erms, lzcnt, ht, tsc, tscinvbit, bmi1, bmi2

Memory: 4k page, physical 4113368k(207176k free), swap 7259096k(7560k free)

vm_info: Java HotSpot(TM) 64-Bit Server VM (25.51-b03) for windows-amd64 JRE (1.8.0_51-b16), built on Jun  8 2015 18:03:07 by "java_re" with MS VC++ 10.0 (VS2010)

time: Thu Aug 25 23:13:33 2016
elapsed time: 4 seconds (0d 0h 0m 4s)

